<?xml version="1.0" encoding="UTF-8"?>
<!-- Generated by org.testng.reporters.JUnitReportReporter -->
<testsuite hostname="LAPTOP-B95MC7DP" failures="0" tests="1" name="testcases.TC02" time="0.001" errors="0" timestamp="2023-01-06T11:49:40 IST" skipped="0">
  <testcase classname="testcases.TC02" name="m2" time="0.001"/>
  <system-out>
    <![CDATA[Tc2 Running]]>
  </system-out>
</testsuite> <!-- testcases.TC02 -->
