<?xml version="1.0" encoding="UTF-8"?>
<!-- Generated by org.testng.reporters.JUnitReportReporter -->
<testsuite hostname="LAPTOP-B95MC7DP" failures="0" tests="1" name="testcases.TC01" time="0.008" errors="0" timestamp="2023-01-06T11:49:40 IST" skipped="0">
  <testcase classname="testcases.TC01" name="m1" time="0.008"/>
  <system-out>
    <![CDATA[TC01 running]]>
  </system-out>
</testsuite> <!-- testcases.TC01 -->
